04/23/2024 19:40:41 INICIANDO...
04/23/2024 19:40:41 2.11.0.1
04/23/2024 19:40:41 Usuário: Ricardo(Administrador)
04/23/2024 19:40:41 Versão do Sistema Operacional: 6.2.9200
04/23/2024 19:40:41 64 Bits: true
04/23/2024 19:40:41 Versão do Firefox.  ( 0.7 )
04/23/2024 19:40:41 UAC: Ativado
04/23/2024 19:40:42 Verificando se Firefox está instalado...
04/23/2024 19:40:42 Firefox não instalado.
04/23/2024 19:40:42 [Verificando Ambiente] Verificando...
04/23/2024 19:40:42 [Verificando Ambiente] Ativando Transport Layer Security (TLS)
04/23/2024 19:40:42 [Verificando Ambiente] Ok.
04/23/2024 19:40:42 [Arquivo hosts] Verificando...
04/23/2024 19:40:42 [Arquivo hosts] Ok.
04/23/2024 19:40:42 [Instalação de certificados raiz] Verificando...
04/23/2024 19:40:42 [Instalação de certificados raiz] Efetuando download do instalador...
04/23/2024 19:40:44 [Instalação de certificados raiz] Instalando...
04/23/2024 19:40:44 [Instalação de certificados raiz] Ok.
04/23/2024 19:40:44 [Terminal Services] Verificando...
04/23/2024 19:40:44 [Terminal Services] Ok.
04/23/2024 19:40:44 [Limpeza do cache IE] Verificando...
04/23/2024 19:40:44 [Limpeza do cache IE] Limpando...
04/23/2024 19:40:44 [Limpeza do cache IE] Ok.
04/23/2024 19:40:44 [Instalando Módulo de Segurança] Verificando...
04/23/2024 19:40:44 [Instalando Módulo de Segurança] Efetuando download do instalador...
04/23/2024 19:40:50 [Instalando Módulo de Segurança] Instalando...
04/23/2024 19:41:32 [Instalando Módulo de Segurança] Ok.
04/23/2024 19:41:32 [Configurações do Módulo de Segurança] Verificando...
04/23/2024 19:41:32 [Configurações do Módulo de Segurança] Ok.
04/23/2024 19:41:32 [Instalando configurações da CAIXA] Verificando...
04/23/2024 19:42:09 [Instalando configurações da CAIXA] Ok.
04/23/2024 19:42:09 [Ajustando ambiente] Verificando...
04/23/2024 19:42:09 [Ajustando ambiente] Ok.
04/23/2024 19:42:09 [Atualizando listas] Verificando...
04/23/2024 19:42:10 [Atualizando listas] Ok.
04/23/2024 19:42:10 [Concluindo execucao] Verificando...
04/23/2024 19:42:25 [Concluindo execucao] CONCLUÍDO.
04/23/2024 19:42:25 CONCLUÍDO.
